Vivado Simulator 2020.1
Copyright 1986-1999, 2001-2020 Xilinx, Inc. All Rights Reserved.
Running: C:/Xilinx/Vivado/2020.1/bin/unwrapped/win64.o/xelab.exe -wto 985f4259f5144c46a2cbb375c56f9a37 --incr --debug typical --relax --mt 2 -L xil_defaultlib -L secureip --snapshot LCM_GCD_TB_func_synth xil_defaultlib.LCM_GCD_TB -log elaborate.log 
Using 2 slave threads.
Starting static elaboration
Completed static elaboration
Starting simulation data flow analysis
Completed simulation data flow analysis
Time Resolution for simulation is 1ps
Compiling package std.standard
Compiling package std.textio
Compiling package ieee.std_logic_1164
Compiling package ieee.numeric_std
Compiling package unisim.vcomponents
Compiling package ieee.vital_timing
Compiling package ieee.vital_primitives
Compiling package unisim.vpkg
Compiling architecture ibuf_v of entity unisim.IBUF [\IBUF(1,9)(1,1)(1,4)(1,7)\]
Compiling architecture bufg_v of entity unisim.BUFG [bufg_default]
Compiling architecture carry4_v of entity unisim.CARRY4 [carry4_default]
Compiling architecture ldce_v of entity unisim.LDCE [ldce_default]
Compiling architecture lut3_v of entity unisim.LUT3 [\LUT3(init="00110010")(0,7)\]
Compiling architecture lut3_v of entity unisim.LUT3 [\LUT3(init="11111110")(0,7)\]
Compiling architecture ldcp_v of entity unisim.LDCP [ldcp_default]
Compiling architecture structure of entity xil_defaultlib.COMPARADOR [comparador_default]
Compiling architecture lut5_v of entity unisim.LUT5 [\LUT5(init="10101111110000001010...]
Compiling architecture structure of entity xil_defaultlib.MUX_X [mux_x_default]
Compiling architecture structure of entity xil_defaultlib.MUX_Y [mux_y_default]
Compiling architecture fdce_v of entity unisim.FDCE [fdce_default]
Compiling architecture structure of entity xil_defaultlib.REG_OUT [reg_out_default]
Compiling architecture lut2_v of entity unisim.LUT2 [\LUT2(init="1001")(0,3)\]
Compiling architecture lut4_v of entity unisim.LUT4 [\LUT4(init="0010111100000010")(0...]
Compiling architecture lut4_v of entity unisim.LUT4 [\LUT4(init="1001000000001001")(0...]
Compiling architecture lut2_v of entity unisim.LUT2 [\LUT2(init="1110")(0,3)\]
Compiling architecture structure of entity xil_defaultlib.REG_X [reg_x_default]
Compiling architecture lut6_v of entity unisim.LUT6 [\LUT6(init="10010000000010010000...]
Compiling architecture lut2_v of entity unisim.LUT2 [\LUT2(init="0010")(0,3)\]
Compiling architecture structure of entity xil_defaultlib.REG_Y [reg_y_default]
Compiling architecture lut2_v of entity unisim.LUT2 [\LUT2(init="0110")(0,3)\]
Compiling architecture structure of entity xil_defaultlib.REG_ABSELECT [reg_abselect_default]
Compiling architecture structure of entity xil_defaultlib.RESTADOR_X [restador_x_default]
Compiling architecture structure of entity xil_defaultlib.RESTADOR_Y [restador_y_default]
Compiling architecture obuf_v of entity unisim.OBUF [\OBUF(1,9)(1,7)(1,4)\]
Compiling architecture structure of entity xil_defaultlib.SUMADOR_X [sumador_x_default]
Compiling architecture structure of entity xil_defaultlib.SUMADOR_Y [sumador_y_default]
Compiling architecture lut2_v of entity unisim.LUT2 [\LUT2(init="1000")(0,3)\]
Compiling architecture lut5_v of entity unisim.LUT5 [\LUT5(init="11111111111111111111...]
Compiling architecture lut3_v of entity unisim.LUT3 [\LUT3(init="11101010")(0,7)\]
Compiling architecture fdpe_v of entity unisim.FDPE [fdpe_default]
Compiling architecture lut4_v of entity unisim.LUT4 [\LUT4(init="1111111111111110")(0...]
Compiling architecture structure of entity xil_defaultlib.UNIDAD_CONTROL [unidad_control_default]
Compiling architecture structure of entity xil_defaultlib.LCM_GCD [lcm_gcd_default]
Compiling architecture behavioral of entity xil_defaultlib.lcm_gcd_tb
Built simulation snapshot LCM_GCD_TB_func_synth
